# JRE version: OpenJDK Runtime Environment (8.0_45-b14) (build 1.8.0_45-internal-b14)
# Java VM: OpenJDK Server VM (25.45-b02 mixed mode linux-x86 )
Heap:
 PSYoungGen      total 127488K, used 6006K [0x9d200000, 0xa50c0000, 0xa5200000)
  eden space 125184K, 4% used [0x9d200000,0x9d7dd950,0xa4c40000)
  from space 2304K, 0% used [0xa4c40000,0xa4c40000,0xa4e80000)
  to   space 2304K, 0% used [0xa4e80000,0xa4e80000,0xa50c0000)
 ParOldGen       total 60416K, used 45290K [0x8d200000, 0x90d00000, 0x9d200000)
  object space 60416K, 74% used [0x8d200000,0x8fe3ab18,0x90d00000)
 Metaspace       used 57445K, capacity 59664K, committed 59776K, reserved 60720K
GC Heap History (10 events):
Event: 5564,097 GC heap before
{Heap before GC invocations=199 (full 88):
 PSYoungGen      total 127744K, used 96K [0x9d200000, 0xa5140000, 0xa5200000)
  eden space 125184K, 0% used [0x9d200000,0x9d200000,0xa4c40000)
  from space 2560K, 3% used [0xa4c40000,0xa4c58000,0xa4ec0000)
  to   space 2560K, 0% used [0xa4ec0000,0xa4ec0000,0xa5140000)
 ParOldGen       total 60416K, used 45274K [0x8d200000, 0x90d00000, 0x9d200000)
  object space 60416K, 74% used [0x8d200000,0x8fe36ba0,0x90d00000)
 Metaspace       used 57359K, capacity 59568K, committed 59648K, reserved 59696K
Event: 5564,262 GC heap after
Heap after GC invocations=199 (full 88):
 PSYoungGen      total 127744K, used 0K [0x9d200000, 0xa5140000, 0xa5200000)
  eden space 125184K, 0% used [0x9d200000,0x9d200000,0xa4c40000)
  from space 2560K, 0% used [0xa4c40000,0xa4c40000,0xa4ec0000)
  to   space 2560K, 0% used [0xa4ec0000,0xa4ec0000,0xa5140000)
 ParOldGen       total 60416K, used 45265K [0x8d200000, 0x90d00000, 0x9d200000)
  object space 60416K, 74% used [0x8d200000,0x8fe34798,0x90d00000)
 Metaspace       used 57359K, capacity 59568K, committed 59648K, reserved 59696K
}
Event: 5624,092 GC heap before
{Heap before GC invocations=200 (full 88):
 PSYoungGen      total 127744K, used 9451K [0x9d200000, 0xa5140000, 0xa5200000)
  eden space 125184K, 7% used [0x9d200000,0x9db3aff8,0xa4c40000)
  from space 2560K, 0% used [0xa4c40000,0xa4c40000,0xa4ec0000)
  to   space 2560K, 0% used [0xa4ec0000,0xa4ec0000,0xa5140000)
 ParOldGen       total 60416K, used 45265K [0x8d200000, 0x90d00000, 0x9d200000)
  object space 60416K, 74% used [0x8d200000,0x8fe34798,0x90d00000)
 Metaspace       used 57429K, capacity 59664K, committed 59776K, reserved 60720K
Event: 5624,095 GC heap after
Heap after GC invocations=200 (full 88):
 PSYoungGen      total 127232K, used 128K [0x9d200000, 0xa50c0000, 0xa5200000)
  eden space 125184K, 0% used [0x9d200000,0x9d200000,0xa4c40000)
  from space 2048K, 6% used [0xa4ec0000,0xa4ee0010,0xa50c0000)
  to   space 2304K, 0% used [0xa4c40000,0xa4c40000,0xa4e80000)
 ParOldGen       total 60416K, used 45265K [0x8d200000, 0x90d00000, 0x9d200000)
  object space 60416K, 74% used [0x8d200000,0x8fe34798,0x90d00000)
 Metaspace       used 57429K, capacity 59664K, committed 59776K, reserved 60720K
}
Event: 5624,095 GC heap before
{Heap before GC invocations=201 (full 89):
 PSYoungGen      total 127232K, used 128K [0x9d200000, 0xa50c0000, 0xa5200000)
  eden space 125184K, 0% used [0x9d200000,0x9d200000,0xa4c40000)
  from space 2048K, 6% used [0xa4ec0000,0xa4ee0010,0xa50c0000)
  to   space 2304K, 0% used [0xa4c40000,0xa4c40000,0xa4e80000)
 ParOldGen       total 60416K, used 45265K [0x8d200000, 0x90d00000, 0x9d200000)
  object space 60416K, 74% used [0x8d200000,0x8fe34798,0x90d00000)
 Metaspace       used 57429K, capacity 59664K, committed 59776K, reserved 60720K
Event: 5624,216 GC heap after
Heap after GC invocations=201 (full 89):
 PSYoungGen      total 127232K, used 0K [0x9d200000, 0xa50c0000, 0xa5200000)
  eden space 125184K, 0% used [0x9d200000,0x9d200000,0xa4c40000)
  from space 2048K, 0% used [0xa4ec0000,0xa4ec0000,0xa50c0000)
  to   space 2304K, 0% used [0xa4c40000,0xa4c40000,0xa4e80000)
 ParOldGen       total 60416K, used 45312K [0x8d200000, 0x90d00000, 0x9d200000)
  object space 60416K, 75% used [0x8d200000,0x8fe40318,0x90d00000)
 Metaspace       used 57429K, capacity 59664K, committed 59776K, reserved 60720K
}
Event: 5684,093 GC heap before
{Heap before GC invocations=202 (full 89):
 PSYoungGen      total 127232K, used 3563K [0x9d200000, 0xa50c0000, 0xa5200000)
  eden space 125184K, 2% used [0x9d200000,0x9d57aea0,0xa4c40000)
  from space 2048K, 0% used [0xa4ec0000,0xa4ec0000,0xa50c0000)
  to   space 2304K, 0% used [0xa4c40000,0xa4c40000,0xa4e80000)
 ParOldGen       total 60416K, used 45312K [0x8d200000, 0x90d00000, 0x9d200000)
  object space 60416K, 75% used [0x8d200000,0x8fe40318,0x90d00000)
 Metaspace       used 57429K, capacity 59664K, committed 59776K, reserved 60720K
Event: 5684,098 GC heap after
Heap after GC invocations=202 (full 89):
 PSYoungGen      total 127488K, used 64K [0x9d200000, 0xa50c0000, 0xa5200000)
  eden space 125184K, 0% used [0x9d200000,0x9d200000,0xa4c40000)
  from space 2304K, 2% used [0xa4c40000,0xa4c50000,0xa4e80000)
  to   space 2304K, 0% used [0xa4e80000,0xa4e80000,0xa50c0000)
 ParOldGen       total 60416K, used 45312K [0x8d200000, 0x90d00000, 0x9d200000)
  object space 60416K, 75% used [0x8d200000,0x8fe40318,0x90d00000)
 Metaspace       used 57429K, capacity 59664K, committed 59776K, reserved 60720K
}
Event: 5684,099 GC heap before
{Heap before GC invocations=203 (full 90):
 PSYoungGen      total 127488K, used 64K [0x9d200000, 0xa50c0000, 0xa5200000)
  eden space 125184K, 0% used [0x9d200000,0x9d200000,0xa4c40000)
  from space 2304K, 2% used [0xa4c40000,0xa4c50000,0xa4e80000)
  to   space 2304K, 0% used [0xa4e80000,0xa4e80000,0xa50c0000)
 ParOldGen       total 60416K, used 45312K [0x8d200000, 0x90d00000, 0x9d200000)
  object space 60416K, 75% used [0x8d200000,0x8fe40318,0x90d00000)
 Metaspace       used 57429K, capacity 59664K, committed 59776K, reserved 60720K
Event: 5684,280 GC heap after
Heap after GC invocations=203 (full 90):
 PSYoungGen      total 127488K, used 0K [0x9d200000, 0xa50c0000, 0xa5200000)
  eden space 125184K, 0% used [0x9d200000,0x9d200000,0xa4c40000)
  from space 2304K, 0% used [0xa4c40000,0xa4c40000,0xa4e80000)
  to   space 2304K, 0% used [0xa4e80000,0xa4e80000,0xa50c0000)
 ParOldGen       total 60416K, used 45290K [0x8d200000, 0x90d00000, 0x9d200000)
  object space 60416K, 74% used [0x8d200000,0x8fe3ab18,0x90d00000)
 Metaspace       used 57429K, capacity 59664K, committed 59776K, reserved 60720K
}

